[    0.000000] Linux version 4.15.0-112-generic (buildd@lcy01-amd64-027) (gcc version 7.5.0 (Ubuntu 7.5.0-3ubuntu1~18.04)) #113-Ubuntu SMP Thu Jul 9 23:41:39 UTC 2020 (Ubuntu 4.15.0-112.113-generic 4.15.18)
[    0.000000] Command line: BOOT_IMAGE=/boot/vmlinuz-4.15.0-112-generic root=UUID=e6d9bb01-7112-44f5-ab94-8f190e5c4c7f ro console=tty1 console=ttyS0
[    0.000000] KERNEL supported cpus:
[    0.000000]   Intel GenuineIntel
[    0.000000]   AMD AuthenticAMD
[    0.000000]   Centaur CentaurHauls
[    0.000000] x86/fpu: Supporting XSAVE feature 0x001: 'x87 floating point registers'
[    0.000000] x86/fpu: Supporting XSAVE feature 0x002: 'SSE registers'
[    0.000000] x86/fpu: Supporting XSAVE feature 0x004: 'AVX registers'
[    0.000000] x86/fpu: xstate_offset[2]:  576, xstate_sizes[2]:  256
[    0.000000] x86/fpu: Enabled xstate features 0x7, context size is 832 bytes, using 'standard' format.
[    0.000000] e820: BIOS-provided physical RAM map:
[    0.000000] BIOS-e820: [mem 0x0000000000000000-0x000000000009fbff] usable
[    0.000000] BIOS-e820: [mem 0x000000000009fc00-0x000000000009ffff] reserved
[    0.000000] BIOS-e820: [mem 0x00000000000f0000-0x00000000000fffff] reserved
[    0.000000] BIOS-e820: [mem 0x0000000000100000-0x00000000dffeffff] usable
[    0.000000] BIOS-e820: [mem 0x00000000dfff0000-0x00000000dfffffff] ACPI data
[    0.000000] BIOS-e820: [mem 0x00000000fec00000-0x00000000fec00fff] reserved
[    0.000000] BIOS-e820: [mem 0x00000000fee00000-0x00000000fee00fff] reserved
[    0.000000] BIOS-e820: [mem 0x00000000fffc0000-0x00000000ffffffff] reserved
[    0.000000] BIOS-e820: [mem 0x0000000100000000-0x000000011fffffff] usable
[    0.000000] NX (Execute Disable) protection: active
[    0.000000] SMBIOS 2.5 present.
[    0.000000] DMI: innotek GmbH VirtualBox/VirtualBox, BIOS VirtualBox 12/01/2006
[    0.000000] Hypervisor detected: KVM
[    0.000000] e820: last_pfn = 0x120000 max_arch_pfn = 0x400000000
[    0.000000] MTRR: Disabled
[    0.000000] x86/PAT: MTRRs disabled, skipping PAT initialization too.
[    0.000000] CPU MTRRs all blank - virtualized system.
[    0.000000] x86/PAT: Configuration [0-7]: WB  WT  UC- UC  WB  WT  UC- UC  
[    0.000000] e820: last_pfn = 0xdfff0 max_arch_pfn = 0x400000000
[    0.000000] found SMP MP-table at [mem 0x0009fff0-0x0009ffff]
[    0.000000] Scanning 1 areas for low memory corruption
[    0.000000] RAMDISK: [mem 0x31169000-0x348abfff]
[    0.000000] ACPI: Early table checksum verification disabled
[    0.000000] ACPI: RSDP 0x00000000000E0000 000024 (v02 VBOX  )
[    0.000000] ACPI: XSDT 0x00000000DFFF0030 00003C (v01 VBOX   VBOXXSDT 00000001 ASL  00000061)
[    0.000000] ACPI: FACP 0x00000000DFFF00F0 0000F4 (v04 VBOX   VBOXFACP 00000001 ASL  00000061)
[    0.000000] ACPI: DSDT 0x00000000DFFF0470 002325 (v02 VBOX   VBOXBIOS 00000002 INTL 20100528)
[    0.000000] ACPI: FACS 0x00000000DFFF0200 000040
[    0.000000] ACPI: FACS 0x00000000DFFF0200 000040
[    0.000000] ACPI: APIC 0x00000000DFFF0240 00005C (v02 VBOX   VBOXAPIC 00000001 ASL  00000061)
[    0.000000] ACPI: SSDT 0x00000000DFFF02A0 0001CC (v01 VBOX   VBOXCPUT 00000002 INTL 20100528)
[    0.000000] No NUMA configuration found
[    0.000000] Faking a node at [mem 0x0000000000000000-0x000000011fffffff]
[    0.000000] NODE_DATA(0) allocated [mem 0x11ffd1000-0x11fffbfff]
[    0.000000] kvm-clock: cpu 0, msr 1:1ff50001, primary cpu clock
[    0.000000] kvm-clock: Using msrs 4b564d01 and 4b564d00
[    0.000000] kvm-clock: using sched offset of 10612144388 cycles
[    0.000000] clocksource: kvm-clock: mask: 0xffffffffffffffff max_cycles: 0x1cd42e4dffb, max_idle_ns: 881590591483 ns
[    0.000000] Zone ranges:
[    0.000000]   DMA      [mem 0x0000000000001000-0x0000000000ffffff]
[    0.000000]   DMA32    [mem 0x0000000001000000-0x00000000ffffffff]
[    0.000000]   Normal   [mem 0x0000000100000000-0x000000011fffffff]
[    0.000000]   Device   empty
[    0.000000] Movable zone start for each node
[    0.000000] Early memory node ranges
[    0.000000]   node   0: [mem 0x0000000000001000-0x000000000009efff]
[    0.000000]   node   0: [mem 0x0000000000100000-0x00000000dffeffff]
[    0.000000]   node   0: [mem 0x0000000100000000-0x000000011fffffff]
[    0.000000] Reserved but unavailable: 98 pages
[    0.000000] Initmem setup node 0 [mem 0x0000000000001000-0x000000011fffffff]
[    0.000000] ACPI: PM-Timer IO Port: 0x4008
[    0.000000] IOAPIC[0]: apic_id 2, version 32, address 0xfec00000, GSI 0-23
[    0.000000] ACPI: INT_SRC_OVR (bus 0 bus_irq 0 global_irq 2 dfl dfl)
[    0.000000] ACPI: INT_SRC_OVR (bus 0 bus_irq 9 global_irq 9 low level)
[    0.000000] Using ACPI (MADT) for SMP configuration information
[    0.000000] smpboot: Allowing 2 CPUs, 0 hotplug CPUs
[    0.000000] PM: Registered nosave memory: [mem 0x00000000-0x00000fff]
[    0.000000] PM: Registered nosave memory: [mem 0x0009f000-0x0009ffff]
[    0.000000] PM: Registered nosave memory: [mem 0x000a0000-0x000effff]
[    0.000000] PM: Registered nosave memory: [mem 0x000f0000-0x000fffff]
[    0.000000] PM: Registered nosave memory: [mem 0xdfff0000-0xdfffffff]
[    0.000000] PM: Registered nosave memory: [mem 0xe0000000-0xfebfffff]
[    0.000000] PM: Registered nosave memory: [mem 0xfec00000-0xfec00fff]
[    0.000000] PM: Registered nosave memory: [mem 0xfec01000-0xfedfffff]
[    0.000000] PM: Registered nosave memory: [mem 0xfee00000-0xfee00fff]
[    0.000000] PM: Registered nosave memory: [mem 0xfee01000-0xfffbffff]
[    0.000000] PM: Registered nosave memory: [mem 0xfffc0000-0xffffffff]
[    0.000000] e820: [mem 0xe0000000-0xfebfffff] available for PCI devices
[    0.000000] Booting paravirtualized kernel on KVM
[    0.000000] clocksource: refined-jiffies: mask: 0xffffffff max_cycles: 0xffffffff, max_idle_ns: 7645519600211568 ns
[    0.000000] random: get_random_bytes called from start_kernel+0x99/0x500 with crng_init=0
[    0.000000] setup_percpu: NR_CPUS:8192 nr_cpumask_bits:2 nr_cpu_ids:2 nr_node_ids:1
[    0.000000] percpu: Embedded 45 pages/cpu s147456 r8192 d28672 u1048576
[    0.000000] PV qspinlock hash table entries: 256 (order: 0, 4096 bytes)
[    0.000000] Built 1 zonelists, mobility grouping on.  Total pages: 1032057
[    0.000000] Policy zone: Normal
[    0.000000] Kernel command line: BOOT_IMAGE=/boot/vmlinuz-4.15.0-112-generic root=UUID=e6d9bb01-7112-44f5-ab94-8f190e5c4c7f ro console=tty1 console=ttyS0
[    0.000000] Memory: 3976272K/4193848K available (12300K kernel code, 2481K rwdata, 4272K rodata, 2436K init, 2720K bss, 217576K reserved, 0K cma-reserved)
[    0.000000] SLUB: HWalign=64, Order=0-3, MinObjects=0, CPUs=2, Nodes=1
[    0.000000] Kernel/User page tables isolation: enabled
[    0.000000] ftrace: allocating 39378 entries in 154 pages
[    0.004000] Hierarchical RCU implementation.
[    0.004000] 	RCU restricting CPUs from NR_CPUS=8192 to nr_cpu_ids=2.
[    0.004000] 	Tasks RCU enabled.
[    0.004000] RCU: Adjusting geometry for rcu_fanout_leaf=16, nr_cpu_ids=2
[    0.004000] NR_IRQS: 524544, nr_irqs: 440, preallocated irqs: 16
[    0.004000] Console: colour VGA+ 80x25
[    0.004000] console [tty1] enabled
[    0.004000] console [ttyS0] enabled
[    0.004000] ACPI: Core revision 20170831
[    0.004000] ACPI: 2 ACPI AML tables successfully acquired and loaded
[    0.004000] APIC: Switch to symmetric I/O mode setup
[    0.004000] x2apic enabled
[    0.004015] Switched APIC routing to physical x2apic.
[    0.011541] ..TIMER: vector=0x30 apic1=0 pin1=2 apic2=-1 pin2=-1
[    0.012027] tsc: Detected 2304.000 MHz processor
[    0.016054] Calibrating delay loop (skipped) preset value.. 4608.00 BogoMIPS (lpj=9216000)
[    0.020011] pid_max: default: 32768 minimum: 301
[    0.022292] Security Framework initialized
[    0.024010] Yama: becoming mindful.
[    0.026475] AppArmor: AppArmor initialized
[    0.036359] Dentry cache hash table entries: 524288 (order: 10, 4194304 bytes)
[    0.044307] Inode-cache hash table entries: 262144 (order: 9, 2097152 bytes)
[    0.048055] Mount-cache hash table entries: 8192 (order: 4, 65536 bytes)
[    0.052054] Mountpoint-cache hash table entries: 8192 (order: 4, 65536 bytes)
[    0.056622] Last level iTLB entries: 4KB 64, 2MB 8, 4MB 8
[    0.058921] Last level dTLB entries: 4KB 64, 2MB 0, 4MB 0, 1GB 4
[    0.060007] Spectre V1 : Mitigation: usercopy/swapgs barriers and __user pointer sanitization
[    0.064010] Spectre V2 : Mitigation: Full generic retpoline
[    0.068008] Spectre V2 : Spectre v2 / SpectreRSB mitigation: Filling RSB on context switch
[    0.072009] Speculative Store Bypass: Vulnerable
[    0.076099] SRBDS: Unknown: Dependent on hypervisor status
[    0.080007] MDS: Mitigation: Clear CPU buffers
[    0.084391] Freeing SMP alternatives memory: 36K
[    0.198424] smpboot: CPU0: Intel(R) Core(TM) i3-6100U CPU @ 2.30GHz (family: 0x6, model: 0x4e, stepping: 0x3)
[    0.200150] Performance Events: unsupported p6 CPU model 78 no PMU driver, software events only.
[    0.204097] Hierarchical SRCU implementation.
[    0.209231] NMI watchdog: Perf event create on CPU 0 failed with -2
[    0.212008] NMI watchdog: Perf NMI watchdog permanently disabled
[    0.216115] smp: Bringing up secondary CPUs ...
[    0.224152] x86: Booting SMP configuration:
[    0.228007] .... node  #0, CPUs:      #1
[    0.004000] kvm-clock: cpu 1, msr 1:1ff50041, secondary cpu clock
[    0.238441] smp: Brought up 1 node, 2 CPUs
[    0.240015] smpboot: Max logical packages: 1
[    0.243262] smpboot: Total of 2 processors activated (9216.00 BogoMIPS)
[    0.244549] devtmpfs: initialized
[    0.245990] x86/mm: Memory block size: 128MB
[    0.248851] evm: security.selinux
[    0.250530] evm: security.SMACK64
[    0.252009] evm: security.SMACK64EXEC
[    0.253832] evm: security.SMACK64TRANSMUTE
[    0.256022] evm: security.SMACK64MMAP
[    0.257931] evm: security.apparmor
[    0.260008] evm: security.ima
[    0.264013] evm: security.capability
[    0.268132] clocksource: jiffies: mask: 0xffffffff max_cycles: 0xffffffff, max_idle_ns: 7645041785100000 ns
[    0.272031] futex hash table entries: 512 (order: 3, 32768 bytes)
[    0.276154] pinctrl core: initialized pinctrl subsystem
[    0.280282] RTC time: 16:19:46, date: 09/24/20
[    0.284300] NET: Registered protocol family 16
[    0.286729] audit: initializing netlink subsys (disabled)
[    0.288112] audit: type=2000 audit(1600964399.130:1): state=initialized audit_enabled=0 res=1
[    0.296016] cpuidle: using governor ladder
[    0.297876] cpuidle: using governor menu
[    0.300141] ACPI: bus type PCI registered
[    0.301836] acpiphp: ACPI Hot Plug PCI Controller Driver version: 0.5
[    0.304267] PCI: Using configuration type 1 for base access
[    0.312100] HugeTLB registered 2.00 MiB page size, pre-allocated 0 pages
[    0.316201] ACPI: Added _OSI(Module Device)
[    0.318451] ACPI: Added _OSI(Processor Device)
[    0.320029] ACPI: Added _OSI(3.0 _SCP Extensions)
[    0.322052] ACPI: Added _OSI(Processor Aggregator Device)
[    0.324014] ACPI: Added _OSI(Linux-Dell-Video)
[    0.328011] ACPI: Added _OSI(Linux-Lenovo-NV-HDMI-Audio)
[    0.330470] ACPI: Added _OSI(Linux-HPI-Hybrid-Graphics)
[    0.336221] ACPI: Executed 1 blocks of module-level executable AML code
[    0.349714] ACPI: Interpreter enabled
[    0.351646] ACPI: (supports S0 S5)
[    0.352008] ACPI: Using IOAPIC for interrupt routing
[    0.356776] PCI: Using host bridge windows from ACPI; if necessary, use "pci=nocrs" and report a bug
[    0.360552] ACPI: Enabled 2 GPEs in block 00 to 07
[    0.391030] ACPI: PCI Root Bridge [PCI0] (domain 0000 [bus 00-ff])
[    0.392083] acpi PNP0A03:00: _OSC: OS supports [ASPM ClockPM Segments MSI]
[    0.397201] acpi PNP0A03:00: _OSC: not requesting OS control; OS requires [ExtendedConfig ASPM ClockPM MSI]
[    0.400040] acpi PNP0A03:00: fail to add MMCONFIG information, can't access extended PCI configuration space under this bridge.
[    0.408717] PCI host bridge to bus 0000:00
[    0.410987] pci_bus 0000:00: root bus resource [io  0x0000-0x0cf7 window]
[    0.412012] pci_bus 0000:00: root bus resource [io  0x0d00-0xffff window]
[    0.416015] pci_bus 0000:00: root bus resource [mem 0x000a0000-0x000bffff window]
[    0.420013] pci_bus 0000:00: root bus resource [mem 0xe0000000-0xfdffffff window]
[    0.424013] pci_bus 0000:00: root bus resource [bus 00-ff]
[    0.434366] pci 0000:00:01.1: legacy IDE quirk: reg 0x10: [io  0x01f0-0x01f7]
[    0.436013] pci 0000:00:01.1: legacy IDE quirk: reg 0x14: [io  0x03f6]
[    0.440011] pci 0000:00:01.1: legacy IDE quirk: reg 0x18: [io  0x0170-0x0177]
[    0.444015] pci 0000:00:01.1: legacy IDE quirk: reg 0x1c: [io  0x0376]
[    0.539622] pci 0000:00:07.0: quirk: [io  0x4000-0x403f] claimed by PIIX4 ACPI
[    0.540051] pci 0000:00:07.0: quirk: [io  0x4100-0x410f] claimed by PIIX4 SMB
[    0.582976] ACPI: PCI Interrupt Link [LNKA] (IRQs 5 9 10 *11)
[    0.588212] ACPI: PCI Interrupt Link [LNKB] (IRQs 5 9 *10 11)
[    0.592271] ACPI: PCI Interrupt Link [LNKC] (IRQs 5 *9 10 11)
[    0.595546] ACPI: PCI Interrupt Link [LNKD] (IRQs 5 9 10 *11)
[    0.597080] SCSI subsystem initialized
[    0.600170] pci 0000:00:02.0: vgaarb: setting as boot VGA device
[    0.603244] pci 0000:00:02.0: vgaarb: VGA device added: decodes=io+mem,owns=io+mem,locks=none
[    0.604018] pci 0000:00:02.0: vgaarb: bridge control possible
[    0.606899] vgaarb: loaded
[    0.608095] ACPI: bus type USB registered
[    0.612087] usbcore: registered new interface driver usbfs
[    0.614860] usbcore: registered new interface driver hub
[    0.616052] usbcore: registered new device driver usb
[    0.620135] EDAC MC: Ver: 3.0.0
[    0.622074] PCI: Using ACPI for IRQ routing
[    0.624830] NetLabel: Initializing
[    0.628010] NetLabel:  domain hash size = 128
[    0.630148] NetLabel:  protocols = UNLABELED CIPSOv4 CALIPSO
[    0.632047] NetLabel:  unlabeled traffic allowed by default
[    0.640576] clocksource: Switched to clocksource kvm-clock
[    0.687042] VFS: Disk quotas dquot_6.6.0
[    0.689663] VFS: Dquot-cache hash table entries: 512 (order 0, 4096 bytes)
[    0.694032] AppArmor: AppArmor Filesystem Enabled
[    0.696560] pnp: PnP ACPI init
[    0.700905] pnp: PnP ACPI: found 3 devices
[    0.718454] clocksource: acpi_pm: mask: 0xffffff max_cycles: 0xffffff, max_idle_ns: 2085701024 ns
[    0.723389] NET: Registered protocol family 2
[    0.725893] TCP established hash table entries: 32768 (order: 6, 262144 bytes)
[    0.730192] TCP bind hash table entries: 32768 (order: 7, 524288 bytes)
[    0.732874] TCP: Hash tables configured (established 32768 bind 32768)
[    0.735553] UDP hash table entries: 2048 (order: 4, 65536 bytes)
[    0.738460] UDP-Lite hash table entries: 2048 (order: 4, 65536 bytes)
[    0.742796] NET: Registered protocol family 1
[    0.755910] pci 0000:00:00.0: Limiting direct PCI/PCI transfers
[    0.760668] pci 0000:00:01.0: Activating ISA DMA hang workarounds
[    0.764328] pci 0000:00:02.0: Video device with shadowed ROM at [mem 0x000c0000-0x000dffff]
[    0.768991] Unpacking initramfs...
[    2.849653] Freeing initrd memory: 56588K
[    2.851824] PCI-DMA: Using software bounce buffering for IO (SWIOTLB)
[    2.856151] software IO TLB: mapped [mem 0xdbff0000-0xdfff0000] (64MB)
[    2.860450] clocksource: tsc: mask: 0xffffffffffffffff max_cycles: 0x2135f7c97c8, max_idle_ns: 440795273205 ns
[    2.864583] platform rtc_cmos: registered platform RTC device (no PNP device found)
[    2.868531] Scanning for low memory corruption every 60 seconds
[    2.873024] Initialise system trusted keyrings
[    2.875470] Key type blacklist registered
[    2.878271] workingset: timestamp_bits=36 max_order=20 bucket_order=0
[    2.884410] zbud: loaded
[    2.891130] squashfs: version 4.0 (2009/01/31) Phillip Lougher
[    2.894592] fuse init (API version 7.26)
[    2.900971] Key type asymmetric registered
[    2.902698] Asymmetric key parser 'x509' registered
[    2.904893] Block layer SCSI generic (bsg) driver version 0.4 loaded (major 246)
[    2.908851] io scheduler noop registered
[    2.910769] io scheduler deadline registered
[    2.913157] io scheduler cfq registered (default)
[    2.916160] ACPI: AC Adapter [AC] (on-line)
[    2.918131] input: Power Button as /devices/LNXSYSTM:00/LNXPWRBN:00/input/input0
[    2.922286] ACPI: Power Button [PWRF]
[    2.924030] input: Sleep Button as /devices/LNXSYSTM:00/LNXSLPBN:00/input/input1
[    2.930776] ACPI: Sleep Button [SLPF]
[    2.934539] Serial: 8250/16550 driver, 32 ports, IRQ sharing enabled
[    2.936448] ACPI: Battery Slot [BAT0] (battery present)
[    2.962891] 00:02: ttyS0 at I/O 0x3f8 (irq = 4, base_baud = 115200) is a 16550A
[    2.969938] Linux agpgart interface v0.103
[    2.983268] loop: module loaded
[    2.986265] scsi host0: ata_piix
[    2.988458] scsi host1: ata_piix
[    2.990289] ata1: PATA max UDMA/33 cmd 0x1f0 ctl 0x3f6 bmdma 0xd000 irq 14
[    2.993804] ata2: PATA max UDMA/33 cmd 0x170 ctl 0x376 bmdma 0xd008 irq 15
[    2.998341] libphy: Fixed MDIO Bus: probed
[    3.000237] tun: Universal TUN/TAP device driver, 1.6
[    3.002695] PPP generic driver version 2.4.2
[    3.004804] ehci_hcd: USB 2.0 'Enhanced' Host Controller (EHCI) Driver
[    3.010234] ehci-pci: EHCI PCI platform driver
[    3.013022] ehci-platform: EHCI generic platform driver
[    3.015525] ohci_hcd: USB 1.1 'Open' Host Controller (OHCI) Driver
[    3.018951] ohci-pci: OHCI PCI platform driver
[    3.021713] ohci-platform: OHCI generic platform driver
[    3.024559] uhci_hcd: USB Universal Host Controller Interface driver
[    3.027214] i8042: PNP: PS/2 Controller [PNP0303:PS2K,PNP0f03:PS2M] at 0x60,0x64 irq 1,12
[    3.039816] serio: i8042 KBD port at 0x60,0x64 irq 1
[    3.042888] serio: i8042 AUX port at 0x60,0x64 irq 12
[    3.045824] mousedev: PS/2 mouse device common for all mice
[    3.049556] input: AT Translated Set 2 keyboard as /devices/platform/i8042/serio0/input/input2
[    3.054747] rtc_cmos rtc_cmos: rtc core: registered rtc_cmos as rtc0
[    3.058141] rtc_cmos rtc_cmos: alarms up to one day, 114 bytes nvram
[    3.060956] i2c /dev entries driver
[    3.062813] device-mapper: uevent: version 1.0.3
[    3.065516] device-mapper: ioctl: 4.37.0-ioctl (2017-09-20) initialised: dm-devel@redhat.com
[    3.069684] ledtrig-cpu: registered to indicate activity on CPUs
[    3.074012] NET: Registered protocol family 10
[    3.085992] Segment Routing with IPv6
[    3.088043] NET: Registered protocol family 17
[    3.090565] Key type dns_resolver registered
[    3.093306] mce: Using 0 MCE banks
[    3.095176] RAS: Correctable Errors collector initialized.
[    3.098121] sched_clock: Marking stable (3098058218, 0)->(4011682807, -913624589)
[    3.103678] registered taskstats version 1
[    3.105915] Loading compiled-in X.509 certificates
[    3.114211] Loaded X.509 cert 'Build time autogenerated kernel key: 1d4b83cbc5f7a3cd7e4471a5cf69d65d9314bdf5'
[    3.119645] zswap: loaded using pool lzo/zbud
[    3.135949] Key type big_key registered
[    3.140135] Key type trusted registered
[    3.146797] Key type encrypted registered
[    3.149064] AppArmor: AppArmor sha1 policy hashing enabled
[    3.151513] ima: No TPM chip found, activating TPM-bypass! (rc=-19)
[    3.154586] ima: Allocated hash algorithm: sha1
[    3.156771] evm: HMAC attrs: 0x1
[    3.159163]   Magic number: 4:790:338
[    3.160680] tty tty59: hash matches
[    3.171358] rtc_cmos rtc_cmos: setting system clock to 2020-09-24 16:19:49 UTC (1600964389)
[    3.189238] BIOS EDD facility v0.16 2004-Jun-25, 0 devices found
[    3.192611] EDD information not available.
[    3.200036] Freeing unused kernel image memory: 2436K
[    3.216462] Write protecting the kernel read-only data: 20480k
[    3.222317] Freeing unused kernel image memory: 2008K
[    3.225459] Freeing unused kernel image memory: 1872K
[    3.255855] x86/mm: Checked W+X mappings: passed, no W+X pages found.
[    3.260582] x86/mm: Checking user space page tables
[    3.287136] x86/mm: Checked W+X mappings: passed, no W+X pages found.
Loading, please wait...
starting version 237
[    3.510831] piix4_smbus 0000:00:07.0: SMBus Host Controller at 0x4100, revision 0
[    3.534343] ACPI: Video Device [GFX0] (multi-head: yes  rom: no  post: no)
[    3.547439] e1000: Intel(R) PRO/1000 Network Driver - version 7.3.21-k8-NAPI
[    3.553034] e1000: Copyright (c) 1999-2006 Intel Corporation.
[    3.562245] Fusion MPT base driver 3.04.20
[    3.565036] Copyright (c) 1999-2008 LSI Corporation
[    3.567152] input: Video Bus as /devices/LNXSYSTM:00/LNXSYBUS:00/PNP0A03:00/LNXVIDEO:00/input/input4
[    3.579324] Fusion MPT SPI Host driver 3.04.20
[    3.596017] AVX2 version of gcm_enc/dec engaged.
[    3.598897] AES CTR mode by8 optimization enabled
[    3.773561] input: ImExPS/2 Generic Explorer Mouse as /devices/platform/i8042/serio1/input/input5
[    4.235024] e1000 0000:00:03.0 eth0: (PCI:33MHz:32-bit) 02:7c:b9:63:ef:0c
[    4.238700] e1000 0000:00:03.0 eth0: Intel(R) PRO/1000 Network Connection
[    4.244412] mptbase: ioc0: Initiating bringup
[    4.244826] e1000 0000:00:03.0 enp0s3: renamed from eth0
[    4.662806] ioc0: LSI53C1030 A0: Capabilities={Initiator}
[    7.802673] scsi host2: ioc0: LSI53C1030 A0, FwRev=00000000h, Ports=1, MaxQ=256, IRQ=20
[   10.465443] scsi 2:0:0:0: Direct-Access     VBOX     HARDDISK         1.0  PQ: 0 ANSI: 5
[   10.504823] scsi target2:0:0: Beginning Domain Validation
[   10.509878] scsi target2:0:0: Domain Validation skipping write tests
[   10.515278] scsi target2:0:0: Ending Domain Validation
[   10.518529] scsi target2:0:0: asynchronous
[   10.521974] scsi 2:0:1:0: Direct-Access     VBOX     HARDDISK         1.0  PQ: 0 ANSI: 5
[   11.997911] scsi target2:0:1: Beginning Domain Validation
[   12.000770] random: fast init done
[   12.004279] scsi target2:0:1: Domain Validation skipping write tests
[   12.007448] scsi target2:0:1: Ending Domain Validation
[   12.011062] scsi target2:0:1: asynchronous
[   12.021722] random: systemd-udevd: uninitialized urandom read (16 bytes read)
[   12.026829] random: systemd-udevd: uninitialized urandom read (16 bytes read)
[   12.030135] random: systemd-udevd: uninitialized urandom read (16 bytes read)
[   12.035808] sd 2:0:0:0: [sda] 20971520 512-byte logical blocks: (10.7 GB/10.0 GiB)
[   12.041072] sd 2:0:0:0: [sda] Write Protect is off
[   12.044328] sd 2:0:0:0: Attached scsi generic sg0 type 0
[   12.047501] sd 2:0:0:0: [sda] Incomplete mode parameter data
[   12.050109] sd 2:0:0:0: [sda] Assuming drive cache: write through
[   12.053592] sd 2:0:1:0: [sdb] 20480 512-byte logical blocks: (10.5 MB/10.0 MiB)
[   12.057984] sd 2:0:1:0: [sdb] Write Protect is off
[   12.060495] sd 2:0:1:0: Attached scsi generic sg1 type 0
[   12.063630] sd 2:0:1:0: [sdb] Incomplete mode parameter data
[   12.066491] sd 2:0:1:0: [sdb] Assuming drive cache: write through
[   12.093578]  sda: sda1
[   12.096878] sd 2:0:0:0: [sda] Attached SCSI disk
[   12.100506] sd 2:0:1:0: [sdb] Attached SCSI disk
Begin: Loading essential drivers ... [   14.436132] raid6: sse2x1   gen()  4601 MB/s
[   14.484047] raid6: sse2x1   xor()  3699 MB/s
[   14.532758] raid6: sse2x2   gen()  5842 MB/s
[   14.580512] raid6: sse2x2   xor()  4079 MB/s
[   14.628253] raid6: sse2x4   gen()  6401 MB/s
[   14.680411] raid6: sse2x4   xor()  4144 MB/s
[   14.728152] raid6: avx2x1   gen()  9017 MB/s
[   14.776775] raid6: avx2x1   xor()  6674 MB/s
[   14.824619] raid6: avx2x2   gen()  9658 MB/s
[   14.872043] raid6: avx2x2   xor()  7322 MB/s
[   14.928652] raid6: avx2x4   gen() 13074 MB/s
[   14.980754] raid6: avx2x4   xor()  7891 MB/s
[   14.983085] raid6: using algorithm avx2x4 gen() 13074 MB/s
[   14.986039] raid6: .... xor() 7891 MB/s, rmw enabled
[   14.988718] raid6: using avx2x2 recovery algorithm
[   14.994176] xor: automatically using best checksumming function   avx       
[   15.000643] async_tx: api initialized (async)
done.
Begin: Running /scripts/init-premount ... done.
Begin: Mounting root file system ... Begin: Running /scripts/local-top ... done.
Begin: Running /scripts/local-premount ... [   15.137937] Btrfs loaded, crc32c=crc32c-intel
Scanning for Btrfs filesystems
done.
Warning: fsck not present, so skipping root file system
[   15.242611] EXT4-fs (sda1): INFO: recovery required on readonly filesystem
[   15.247145] EXT4-fs (sda1): write access will be enabled during recovery
[   15.301558] EXT4-fs (sda1): orphan cleanup on readonly fs
[   15.304328] EXT4-fs (sda1): 1 orphan inode deleted
[   15.306689] EXT4-fs (sda1): recovery complete
[   15.310425] EXT4-fs (sda1): mounted filesystem with ordered data mode. Opts: (null)
done.
Begin: Running /scripts/local-bottom ... done.
Begin: Running /scripts/init-bottom ... done.
[   16.824070] random: crng init done
[   16.826119] random: 7 urandom warning(s) missed due to ratelimiting
[   16.838075] ip_tables: (C) 2000-2006 Netfilter Core Team
[   16.900832] systemd[1]: systemd 237 running in system mode. (+PAM +AUDIT +SELINUX +IMA +APPARMOR +SMACK +SYSVINIT +UTMP +LIBCRYPTSETUP +GCRYPT +GNUTLS +ACL +XZ +LZ4 +SECCOMP +BLKID +ELFUTILS +KMOD -IDN2 +IDN -PCRE2 default-hierarchy=hybrid)
[   16.911978] systemd[1]: Detected virtualization oracle.
[   16.914816] systemd[1]: Detected architecture x86-64.

Welcome to [1mUbuntu 18.04.5 LTS[0m!

[   16.942439] systemd[1]: Set hostname to <ubuntu-xenial>.
[   19.224157] systemd[1]: Reached target User and Group Name Lookups.
[[0;32m  OK  [0m] Reached target User and Group Name Lookups.
[   19.236830] systemd[1]: Created slice User and Session Slice.
[[0;32m  OK  [0m] Created slice User and Session Slice.
[   19.243265] systemd[1]: Started Forward Password Requests to Wall Directory Watch.
[[0;32m  OK  [0m] Started Forward Password Requests to Wall Directory Watch.
[   19.251135] systemd[1]: Created slice System Slice.
[[0;32m  OK  [0m] Created slice System Slice.
[   19.256128] systemd[1]: Listening on udev Control Socket.
[[0;32m  OK  [0m] Listening on udev Control Socket.
[   19.263717] systemd[1]: Listening on /dev/initctl Compatibility Named Pipe.
[[0;32m  OK  [0m] Listening on /dev/initctl Compatibility Named Pipe.
[[0;32m  OK  [0m] Listening on Journal Socket.
         Mounting POSIX Message Queue File System...
[[0;32m  OK  [0m] Listening on Journal Audit Socket.
         Starting Uncomplicated firewall...
[[0;32m  OK  [0m] Reached target Slices.
         Mounting Huge Pages File System...
         Starting Nameserver information manager...
[[0;32m  OK  [0m] Listening on LVM2 poll daemon socket.
         Mounting Kernel Debug File System...
         Starting Set the console keyboard layout...
[[0;32m  OK  [0m] Listening on LVM2 metadata daemon socket.
         Starting Create list of required st…ce nodes for the current kernel...
[[0;32m  OK  [0m] Listening on Syslog Socket.
[[0;32m  OK  [0m] Listening on udev Kernel Socket.
[[0;32m  OK  [0m] Listening on Journal Socket (/dev/log).
[[0;32m  OK  [0m] Set up automount Arbitrary Executab…rmats File System Automount Point.
[[0;32m  OK  [0m] Created slice system-serial\x2dgetty.slice.
         Starting udev Coldplug all Devices...
[[0;32m  OK  [0m] Reached target Swap.
[[0;32m  OK  [0m] Listening on Device-mapper event daemon FIFOs.
         Starting Journal Service...
         Starting Remount Root and Kernel File Systems...
         Starting Monitoring of LVM2 mirrors…ng dmeventd or progress polling...
[[0;32m  OK  [0m] Reached target System Time Synchronized.
         Starting Load Kernel Modules...
[[0;32m  OK  [0m] Mounted POSIX Message Queue File System.
[[0;32m  OK  [0m] Started Uncomplicated firewall.
[[0;32m  OK  [0m] Mounted Huge Pages File System.
[[0;32m  OK  [0m] Mounted Kernel Debug File System.
[[0;32m  OK  [0m] Started Create list of required sta…vice nodes for the current kernel.
         Starting Create Static Device Nodes in /dev...
[   19.615166] EXT4-fs (sda1): re-mounted. Opts: (null)
[[0;32m  OK  [0m] Started Remount Root and Kernel File Systems.
[[0;32m  OK  [0m] Started udev Coldplug all Devices.
[[0;32m  OK  [0m] Started Nameserver information manager.
         Starting Load/Save Random Seed...
[[0;32m  OK  [0m] Started LVM2 metadata daemon.
[   19.958923] Loading iSCSI transport class v2.0-870.
[[0;32m  OK  [0m] Started Journal Service.
         Starting Flush Journal to Persistent Storage...
[   20.086571] iscsi: registered transport (tcp)
[   20.104461] systemd-journald[400]: Received request to flush runtime journal from PID 1
[[0;32m  OK  [0m] Started Load/Save Random Seed.
[[0;32m  OK  [0m] Started Set the console keyboard layout.
[[0;32m  OK  [0m] Started Monitoring of LVM2 mirrors,…sing dmeventd or progress polling.
[   20.401436] iscsi: registered transport (iser)
[[0;32m  OK  [0m] Started Load Kernel Modules.
         Mounting FUSE Control File System...
         Starting Apply Kernel Variables...
         Mounting Kernel Configuration File System...
[[0;32m  OK  [0m] Mounted FUSE Control File System.
[[0;32m  OK  [0m] Mounted Kernel Configuration File System.
[[0;32m  OK  [0m] Started Create Static Device Nodes in /dev.
[[0;32m  OK  [0m] Reached target Local File Systems (Pre).
[[0;32m  OK  [0m] Reached target Local File Systems.
         Starting ebtables ruleset management...
         Starting Set console font and keymap...
         Starting AppArmor initialization...
         Starting Tell Plymouth To Write Out Runtime Data...
[   21.159927] systemd-journald[400]: File /var/log/journal/feedd64b4f564b6f87af06d2b3e1d364/system.journal corrupted or uncleanly shut down, renaming and replacing.
         Mounting Mount unit for microk8s, revision 1637...
         Mounting Mount unit for lxd, revision 16922...
         Mounting Mount unit for core, revision 9804...
         Mounting Mount unit for core, revision 9993...
         Mounting Mount unit for microk8s, revision 1667...
         Mounting Mount unit for core18, revision 1885...
         Starting udev Kernel Device Manager...
[[0;32m  OK  [0m] Started Set console font and keymap.
[[0;32m  OK  [0m] Started Tell Plymouth To Write Out Runtime Data.
[[0;32m  OK  [0m] Started Apply Kernel Variables.
[[0;32m  OK  [0m] Mounted Mount unit for lxd, revision 16922.
[[0;32m  OK  [0m] Mounted Mount unit for core, revision 9993.
[[0;32m  OK  [0m] Mounted Mount unit for microk8s, revision 1637.
[[0;32m  OK  [0m] Mounted Mount unit for core, revision 9804.
[[0;32m  OK  [0m] Mounted Mount unit for core18, revision 1885.
[[0;32m  OK  [0m] Mounted Mount unit for microk8s, revision 1667.
[[0;32m  OK  [0m] Started Flush Journal to Persistent Storage.
         Starting Create Volatile Files and Directories...
[[0;32m  OK  [0m] Started ebtables ruleset management.
[[0;32m  OK  [0m] Started Create Volatile Files and Directories.
         Starting Update UTMP about System Boot/Shutdown...
         Starting Network Name Resolution...
[[0;32m  OK  [0m] Started Update UTMP about System Boot/Shutdown.
[[0;32m  OK  [0m] Started udev Kernel Device Manager.
[[0;32m  OK  [0m] Started Dispatch Password Requests to Console Directory Watch.
[[0;32m  OK  [0m] Reached target Local Encrypted Volumes.
[[0;32m  OK  [0m] Started Network Name Resolution.
[[0;32m  OK  [0m] Reached target Host and Network Name Lookups.
[[0;32m  OK  [0m] Found device /dev/ttyS0.
[[0;32m  OK  [0m] Listening on Load/Save RF Kill Switch Status /dev/rfkill Watch.
[   27.568474] snd_intel8x0 0000:00:05.0: measure - unreliable DMA position..
[   28.776576] snd_intel8x0 0000:00:05.0: measure - unreliable DMA position..
[[0;32m  OK  [0m] Found device 82540EM Gigabit Ethern…ler (PRO/1000 MT Desktop Adapter).
[   29.176415] snd_intel8x0 0000:00:05.0: measure - unreliable DMA position..
[[0;32m  OK  [0m] Reached target Sound Card.
[[0;32m  OK  [0m] Started AppArmor initialization.
         Starting Load AppArmor profiles managed internally by snapd...
         Starting Initial cloud-init job (pre-networking)...
[[0;32m  OK  [0m] Started Load AppArmor profiles managed internally by snapd.
[   37.787210] cloud-init[728]: Cloud-init v. 20.2-45-g5f7825e2-0ubuntu1~18.04.1 running 'init-local' at Thu, 24 Sep 2020 16:20:22 +0000. Up 36.53 seconds.
[[0;32m  OK  [0m] Started Initial cloud-init job (pre-networking).
[[0;32m  OK  [0m] Reached target Network (Pre).
         Starting Raise network interfaces...
[[0;32m  OK  [0m] Started ifup for enp0s3.
         Stopping Network Name Resolution...
         Starting Tell Plymouth To Write Out Runtime Data...
         Starting Network Time Synchronization...
[[0;32m  OK  [0m] Stopped Network Name Resolution.
[[0;32m  OK  [0m] Started Tell Plymouth To Write Out Runtime Data.
         Starting Network Name Resolution...
[[0;32m  OK  [0m] Started Network Time Synchronization.
[[0;32m  OK  [0m] Started Network Name Resolution.
[[0;32m  OK  [0m] Started Raise network interfaces.
         Starting Initial cloud-init job (metadata service crawler)...
[[0;32m  OK  [0m] Reached target Network.
[   41.299143] cloud-init[1195]: Cloud-init v. 20.2-45-g5f7825e2-0ubuntu1~18.04.1 running 'init' at Thu, 24 Sep 2020 16:20:26 +0000. Up 40.63 seconds.
[   41.303093] cloud-init[1195]: ci-info: ++++++++++++++++++++++++++++++++++++++Net device info++++++++++++++++++++++++++++++++++++++
[   41.306827] cloud-init[1195]: ci-info: +--------+------+----------------------------+---------------+--------+-------------------+
[   41.311522] cloud-init[1195]: ci-info: | Device |  Up  |          Address           |      Mask     | Scope  |     Hw-Address    |
[   41.315743] cloud-init[1195]: ci-info: +--------+------+----------------------------+---------------+--------+-------------------+
[   41.320761] cloud-init[1195]: ci-info: | enp0s3 | True |         10.0.2.15          | 255.255.255.0 | global | 02:7c:b9:63:ef:0c |
[   41.325257] cloud-init[1195]: ci-info: | enp0s3 | True | fe80::7c:b9ff:fe63:ef0c/64 |       .       |  link  | 02:7c:b9:63:ef:0c |
[   41.333618] cloud-init[1195]: ci-info: |   lo   | True |         127.0.0.1          |   255.0.0.0   |  host  |         .         |
[   41.338689] cloud-init[1195]: ci-info: |   lo   | True |          ::1/128           |       .       |  host  |         .         |
[   41.343361] cloud-init[1195]: ci-info: +--------+------+----------------------------+---------------+--------+-------------------+
[   41.347855] cloud-init[1195]: ci-info: +++++++++++++++++++++++++++Route IPv4 info++++++++++++++++++++++++++++
[   41.351891] cloud-init[1195]: ci-info: +-------+-------------+----------+---------------+-----------+-------+
[   41.355918] cloud-init[1195]: ci-info: | Route | Destination | Gateway  |    Genmask    | Interface | Flags |
[   41.359438] cloud-init[1195]: ci-info: +-------+-------------+----------+---------------+-----------+-------+
[   41.362815] cloud-init[1195]: ci-info: |   0   |   0.0.0.0   | 10.0.2.2 |    0.0.0.0    |   enp0s3  |   UG  |
[   41.366471] cloud-init[1195]: ci-info: |   1   |   10.0.2.0  | 0.0.0.0  | 255.255.255.0 |   enp0s3  |   U   |
[   41.370636] cloud-init[1195]: ci-info: +-------+-------------+----------+---------------+-----------+-------+
[   41.375464] cloud-init[1195]: ci-info: +++++++++++++++++++Route IPv6 info+++++++++++++++++++
[   41.393406] cloud-init[1195]: ci-info: +-------+-------------+---------+-----------+-------+
[   41.402962] cloud-init[1195]: ci-info: | Route | Destination | Gateway | Interface | Flags |
[   41.405829] cloud-init[1195]: ci-info: +-------+-------------+---------+-----------+-------+
[   41.408760] cloud-init[1195]: ci-info: |   1   |  fe80::/64  |    ::   |   enp0s3  |   U   |
[   41.411423] cloud-init[1195]: ci-info: |   3   |    local    |    ::   |   enp0s3  |   U   |
[   41.414221] cloud-init[1195]: ci-info: |   4   |   ff00::/8  |    ::   |   enp0s3  |   U   |
[   41.417072] cloud-init[1195]: ci-info: +-------+-------------+---------+-----------+-------+
[[0;32m  OK  [0m] Started Initial cloud-init job (metadata service crawler).
[[0;32m  OK  [0m] Reached target Network is Online.
[[0;32m  OK  [0m] Reached target Remote File Systems (Pre).
[[0;32m  OK  [0m] Reached target Remote File Systems.
         Starting Availability of block devices...
[[0;32m  OK  [0m] Reached target Cloud-config availability.
[[0;32m  OK  [0m] Reached target System Initialization.
[[0;32m  OK  [0m] Started resolvconf-pull-resolved.path.
[[0;32m  OK  [0m] Started Discard unused blocks once a week.
[[0;32m  OK  [0m] Started Message of the Day.
         Starting Socket activation for snappy daemon.
[[0;32m  OK  [0m] Listening on Socket unix for snap application lxd.daemon.
[[0;32m  OK  [0m] Listening on ACPID Listen Socket.
[[0;32m  OK  [0m] Started ACPI Events Check.
[[0;32m  OK  [0m] Reached target Paths.
[[0;32m  OK  [0m] Listening on D-Bus System Message Bus Socket.
[[0;32m  OK  [0m] Started Daily Cleanup of Temporary Directories.
         Starting Docker Socket for the API.
[[0;32m  OK  [0m] Started Daily apt download activities.
[[0;32m  OK  [0m] Started Daily apt upgrade and clean activities.
[[0;32m  OK  [0m] Listening on UUID daemon activation socket.
[[0;32m  OK  [0m] Reached target Timers.
[[0;32m  OK  [0m] Listening on Open-iSCSI iscsid Socket.
[[0;32m  OK  [0m] Started Availability of block devices.
[[0;32m  OK  [0m] Listening on Socket activation for snappy daemon.
[[0;32m  OK  [0m] Listening on Docker Socket for the API.
[[0;32m  OK  [0m] Reached target Sockets.
[[0;32m  OK  [0m] Reached target Basic System.
[[0;32m  OK  [0m] Started Service for snap application microk8s.daemon-apiserver.
[[0;32m  OK  [0m] Started Service for snap application microk8s.daemon-cluster-agent.
         Starting Thermal Daemon Service...
[[0;32m  OK  [0m] Started Service for snap applicatio…rok8s.daemon-control-plane-kicker.
         Starting resolvconf-pull-resolved.service...
[[0;32m  OK  [0m] Started Service for snap application microk8s.daemon-scheduler.
[[0;32m  OK  [0m] Started Service for snap application microk8s.daemon-etcd.
[[0;32m  OK  [0m] Started Service for snap application microk8s.daemon-flanneld.
         Starting Discard unused blocks...
[[0;32m  OK  [0m] Started FUSE filesystem for LXC.
[[0;32m  OK  [0m] Started Service for snap application microk8s.daemon-apiserver-kicker.
         Starting Service for snap application lxd.activate...
[[0;32m  OK  [0m] Started Service for snap applicatio…icrok8s.daemon-controller-manager.
[[0;32m  OK  [0m] Started Regular background program processing daemon.
         Starting Message of the Day...
         Starting Dispatcher daemon for systemd-networkd...
[[0;32m  OK  [0m] Started Deferred execution scheduler.
         Starting LSB: automatic crash report generation...
[[0;32m  OK  [0m] Started Service for snap application microk8s.daemon-proxy.
[[0;32m  OK  [0m] Started D-Bus System Message Bus.
         Starting Permit User Sessions...
         Starting Ubuntu FAN network setup...
         Starting Login Service...
         Starting System Logging Service...
         Starting OpenBSD Secure Shell server...
[[0;32m  OK  [0m] Started Service for snap application microk8s.daemon-containerd.
[[0;32m  OK  [0m] Started irqbalance daemon.
         Starting LSB: Record successful boot for GRUB...
         Starting Accounts Service...
[[0;32m  OK  [0m] Started Service for snap application microk8s.daemon-kubelet.
         Starting containerd container runtime...
         Starting Snap Daemon...
[[0;32m  OK  [0m] Started System Logging Service.
[[0;32m  OK  [0m] Started Thermal Daemon Service.
[[0;32m  OK  [0m] Started resolvconf-pull-resolved.service.
[[0;32m  OK  [0m] Started Discard unused blocks.
[[0;32m  OK  [0m] Started Permit User Sessions.
[[0;32m  OK  [0m] Started Ubuntu FAN network setup.
[[0;32m  OK  [0m] Started Login Service.
[[0;32m  OK  [0m] Started Unattended Upgrades Shutdown.
         Starting Terminate Plymouth Boot Screen...
         Starting Hold until boot process finishes up...
[[0;32m  OK  [0m] Started Hold until boot process finishes up.
[[0;32m  OK  [0m] Started Terminate Plymouth Boot Screen.
[[0;32m  OK  [0m] Started Serial Getty on ttyS0.
         Starting Set console scheme...
[[0;32m  OK  [0m] Started containerd container runtime.
[[0;32m  OK  [0m] Started Set console scheme.
[[0;32m  OK  [0m] Created slice system-getty.slice.
[[0;32m  OK  [0m] Started Getty on tty1.
[[0;32m  OK  [0m] Reached target Login Prompts.
[[0;32m  OK  [0m] Started LSB: automatic crash report generation.
[[0;32m  OK  [0m] Started LSB: Record successful boot for GRUB.
         Starting Authorization Manager...
[[0;32m  OK  [0m] Started Authorization Manager.
[[0;32m  OK  [0m] Started Accounts Service.
[[0;32m  OK  [0m] Started Dispatcher daemon for systemd-networkd.
[[0;32m  OK  [0m] Started OpenBSD Secure Shell server.

Ubuntu 18.04.5 LTS ubuntu-xenial ttyS0

ubuntu-xenial login: [   73.967718] cloud-init[2207]: Cloud-init v. 20.2-45-g5f7825e2-0ubuntu1~18.04.1 running 'modules:config' at Thu, 24 Sep 2020 16:21:01 +0000. Up 72.10 seconds.
[   84.288242] cloud-init[2694]: Cloud-init v. 20.2-45-g5f7825e2-0ubuntu1~18.04.1 running 'modules:final' at Thu, 24 Sep 2020 16:21:10 +0000. Up 81.10 seconds.
[   84.304472] cloud-init[2694]: Cloud-init v. 20.2-45-g5f7825e2-0ubuntu1~18.04.1 finished at Thu, 24 Sep 2020 16:21:13 +0000. Datasource DataSourceNoCloud [seed=/dev/sdb][dsmode=net].  Up 84.06 seconds
         Starting resolvconf-pull-resolved.service...
[[0;32m  OK  [0m] Started resolvconf-pull-resolved.service.
         Mounting Mount unit for microk8s, revision 1710...
[[0;32m  OK  [0m] Mounted Mount unit for microk8s, revision 1710.
         Stopping Service for snap application microk8s.daemon-flanneld...
[[0;32m  OK  [0m] Stopped Service for snap application microk8s.daemon-flanneld.
         Stopping Service for snap applicati…icrok8s.daemon-apiserver-kicker...
[[0;32m  OK  [0m] Stopped Service for snap application microk8s.daemon-apiserver-kicker.
         Stopping Service for snap application microk8s.daemon-cluster-agent...
[[0;32m  OK  [0m] Stopped Service for snap application microk8s.daemon-cluster-agent.
         Stopping Service for snap application microk8s.daemon-proxy...
[[0;32m  OK  [0m] Stopped Service for snap application microk8s.daemon-proxy.
         Stopping Service for snap applicati…rok8s.daemon-controller-manager...
[[0;32m  OK  [0m] Stopped Service for snap applicatio…icrok8s.daemon-controller-manager.
         Stopping Service for snap application microk8s.daemon-apiserver...
[[0;32m  OK  [0m] Stopped Service for snap application microk8s.daemon-apiserver.
         Stopping Service for snap application microk8s.daemon-containerd...
[[0;32m  OK  [0m] Stopped Service for snap application microk8s.daemon-containerd.
         Stopping Service for snap application microk8s.daemon-kubelet...
[[0;32m  OK  [0m] Stopped Service for snap application microk8s.daemon-kubelet.
         Stopping Service for snap applicati…k8s.daemon-control-plane-kicker...
[[0;32m  OK  [0m] Stopped Service for snap applicatio…rok8s.daemon-control-plane-kicker.
         Stopping Service for snap application microk8s.daemon-etcd...
[[0;32m  OK  [0m] Stopped Service for snap application microk8s.daemon-etcd.
         Stopping Service for snap application microk8s.daemon-scheduler...
[[0;32m  OK  [0m] Stopped Service for snap application microk8s.daemon-scheduler.
         Starting resolvconf-pull-resolved.service...
[[0;32m  OK  [0m] Started resolvconf-pull-resolved.service.
         Starting resolvconf-pull-resolved.service...
[[0;32m  OK  [0m] Started resolvconf-pull-resolved.service.
[[0;32m  OK  [0m] Started Service for snap application microk8s.daemon-flanneld.
[[0;32m  OK  [0m] Started Service for snap application microk8s.daemon-cluster-agent.
[[0;32m  OK  [0m] Started Service for snap application microk8s.daemon-containerd.
[[0;32m  OK  [0m] Started Service for snap application microk8s.daemon-apiserver.
[[0;32m  OK  [0m] Started Service for snap application microk8s.daemon-scheduler.
[[0;32m  OK  [0m] Started Service for snap application microk8s.daemon-kubelet.
[[0;32m  OK  [0m] Started Service for snap application microk8s.daemon-apiserver-kicker.
[[0;32m  OK  [0m] Started Service for snap applicatio…icrok8s.daemon-controller-manager.
[[0;32m  OK  [0m] Started Service for snap application microk8s.daemon-etcd.
[[0;32m  OK  [0m] Started Service for snap applicatio…rok8s.daemon-control-plane-kicker.
[[0;32m  OK  [0m] Started Service for snap application microk8s.daemon-proxy.
         Starting resolvconf-pull-resolved.service...
[[0;32m  OK  [0m] Started resolvconf-pull-resolved.service.
[[0;32m  OK  [0m] Stopped Service for snap application microk8s.daemon-apiserver-kicker.
[[0;32m  OK  [0m] Started Service for snap application microk8s.daemon-apiserver-kicker.
[[0;32m  OK  [0m] Started Kubernetes systemd probe.
[[0;32m  OK  [0m] Stopped Service for snap application microk8s.daemon-kubelet.
[[0;32m  OK  [0m] Started Service for snap application microk8s.daemon-kubelet.
[[0;32m  OK  [0m] Started Kubernetes systemd probe.
[[0;32m  OK  [0m] Stopped Service for snap application microk8s.daemon-apiserver-kicker.
[[0;32m  OK  [0m] Started Service for snap application microk8s.daemon-apiserver-kicker.
[[0;32m  OK  [0m] Started Daily apt download activities.
         Starting Daily apt upgrade and clean activities...
         Starting resolvconf-pull-resolved.service...
[[0;32m  OK  [0m] Started resolvconf-pull-resolved.service.
         Starting resolvconf-pull-resolved.service...
[[0;32m  OK  [0m] Started resolvconf-pull-resolved.service.
[[0;32m  OK  [0m] Stopped Discard unused blocks once a week.
         Stopping Discard unused blocks once a week.
[[0;32m  OK  [0m] Started Discard unused blocks once a week.
         Starting resolvconf-pull-resolved.service...
[[0;32m  OK  [0m] Started resolvconf-pull-resolved.service.
[[0;32m  OK  [0m] Stopped Discard unused blocks once a week.
         Stopping Discard unused blocks once a week.
[[0;32m  OK  [0m] Started Discard unused blocks once a week.
         Starting resolvconf-pull-resolved.service...
[[0;32m  OK  [0m] Started resolvconf-pull-resolved.service.
         Starting resolvconf-pull-resolved.service...
[[0;32m  OK  [0m] Started resolvconf-pull-resolved.service.
         Starting resolvconf-pull-resolved.service...
[[0;32m  OK  [0m] Started resolvconf-pull-resolved.service.
         Starting resolvconf-pull-resolved.service...
[[0;32m  OK  [0m] Started resolvconf-pull-resolved.service.
[[0;32m  OK  [0m] Started Daemon for generating UUIDs.
         Starting resolvconf-pull-resolved.service...
[[0;32m  OK  [0m] Started resolvconf-pull-resolved.service.
[[0;32m  OK  [0m] Started Daily apt upgrade and clean activities.
